TN:
SF:services\userService.js
FN:18,(anonymous_0)
FN:55,(anonymous_1)
FN:71,(anonymous_2)
FN:110,(anonymous_3)
FN:148,(anonymous_4)
FN:178,(anonymous_5)
FN:229,(anonymous_6)
FN:262,(anonymous_7)
FN:314,(anonymous_8)
FNF:9
FNH:5
FNDA:4,(anonymous_0)
FNDA:7,(anonymous_1)
FNDA:4,(anonymous_2)
FNDA:0,(anonymous_3)
FNDA:0,(anonymous_4)
FNDA:0,(anonymous_5)
FNDA:2,(anonymous_6)
FNDA:5,(anonymous_7)
FNDA:0,(anonymous_8)
DA:1,1
DA:2,1
DA:3,1
DA:8,1
DA:19,4
DA:21,4
DA:22,4
DA:23,1
DA:31,4
DA:32,0
DA:40,4
DA:45,4
DA:46,2
DA:49,2
DA:56,7
DA:60,7
DA:65,7
DA:72,4
DA:75,4
DA:76,4
DA:77,2
DA:80,2
DA:81,2
DA:90,2
DA:96,2
DA:97,2
DA:99,0
DA:103,0
DA:111,0
DA:112,0
DA:113,0
DA:117,0
DA:118,0
DA:119,0
DA:120,0
DA:124,0
DA:125,0
DA:130,0
DA:135,0
DA:137,0
DA:141,0
DA:149,0
DA:150,0
DA:151,0
DA:154,0
DA:155,0
DA:158,0
DA:163,0
DA:165,0
DA:167,0
DA:171,0
DA:179,0
DA:197,0
DA:198,0
DA:201,0
DA:205,0
DA:206,0
DA:208,0
DA:215,0
DA:230,2
DA:231,2
DA:232,0
DA:235,2
DA:236,2
DA:239,2
DA:242,2
DA:248,2
DA:250,2
DA:256,2
DA:263,5
DA:264,5
DA:265,0
DA:269,5
DA:270,1
DA:273,4
DA:278,4
DA:279,4
DA:280,4
DA:283,4
DA:284,1
DA:293,3
DA:294,1
DA:302,2
DA:315,0
DA:316,0
DA:317,0
DA:320,0
DA:323,0
DA:328,0
DA:330,0
DA:334,1
LF:91
LH:48
BRDA:18,0,0,3
BRDA:19,1,0,3
BRDA:19,2,0,4
BRDA:22,3,0,1
BRDA:22,3,1,3
BRDA:31,4,0,0
BRDA:31,4,1,4
BRDA:45,5,0,2
BRDA:45,5,1,2
BRDA:55,6,0,6
BRDA:56,7,0,1
BRDA:56,7,1,6
BRDA:76,8,0,2
BRDA:76,8,1,2
BRDA:112,9,0,0
BRDA:112,9,1,0
BRDA:117,10,0,0
BRDA:117,10,1,0
BRDA:117,11,0,0
BRDA:117,11,1,0
BRDA:119,12,0,0
BRDA:119,12,1,0
BRDA:150,13,0,0
BRDA:150,13,1,0
BRDA:197,14,0,0
BRDA:197,14,1,0
BRDA:216,15,0,0
BRDA:216,15,1,0
BRDA:217,16,0,0
BRDA:217,16,1,0
BRDA:221,17,0,0
BRDA:221,17,1,0
BRDA:231,18,0,0
BRDA:231,18,1,2
BRDA:239,19,0,2
BRDA:239,19,1,2
BRDA:243,20,0,2
BRDA:243,20,1,0
BRDA:244,21,0,1
BRDA:244,21,1,1
BRDA:244,22,0,1
BRDA:244,22,1,0
BRDA:264,23,0,0
BRDA:264,23,1,5
BRDA:269,24,0,1
BRDA:269,24,1,4
BRDA:278,25,0,4
BRDA:278,25,1,0
BRDA:279,26,0,4
BRDA:279,26,1,0
BRDA:280,27,0,4
BRDA:280,27,1,0
BRDA:283,28,0,1
BRDA:283,28,1,3
BRDA:293,29,0,1
BRDA:293,29,1,2
BRDA:316,30,0,0
BRDA:316,30,1,0
BRF:58
BRH:30
end_of_record
TN:
SF:utils\errorHandler.js
FN:7,(anonymous_0)
FN:18,(anonymous_1)
FN:26,(anonymous_2)
FN:33,(anonymous_3)
FN:40,(anonymous_4)
FN:47,(anonymous_5)
FN:54,(anonymous_6)
FN:61,(anonymous_7)
FN:72,(anonymous_8)
FN:81,(anonymous_9)
FN:104,(anonymous_10)
FN:117,(anonymous_11)
FN:118,(anonymous_12)
FN:126,(anonymous_13)
FN:143,(anonymous_14)
FN:184,(anonymous_15)
FNF:16
FNH:3
FNDA:4,(anonymous_0)
FNDA:0,(anonymous_1)
FNDA:0,(anonymous_2)
FNDA:0,(anonymous_3)
FNDA:2,(anonymous_4)
FNDA:2,(anonymous_5)
FNDA:0,(anonymous_6)
FNDA:0,(anonymous_7)
FNDA:0,(anonymous_8)
FNDA:0,(anonymous_9)
FNDA:0,(anonymous_10)
FNDA:0,(anonymous_11)
FNDA:0,(anonymous_12)
FNDA:0,(anonymous_13)
FNDA:0,(anonymous_14)
FNDA:0,(anonymous_15)
DA:1,1
DA:8,4
DA:9,4
DA:10,4
DA:11,4
DA:13,4
DA:19,0
DA:20,0
DA:21,0
DA:27,0
DA:28,0
DA:34,0
DA:35,0
DA:41,2
DA:42,2
DA:48,2
DA:49,2
DA:55,0
DA:56,0
DA:62,0
DA:63,0
DA:64,0
DA:73,0
DA:82,0
DA:89,0
DA:90,0
DA:98,0
DA:99,0
DA:101,0
DA:105,0
DA:117,1
DA:118,0
DA:119,0
DA:126,1
DA:128,0
DA:137,0
DA:138,0
DA:142,0
DA:143,0
DA:147,0
DA:151,0
DA:152,0
DA:153,0
DA:154,0
DA:155,0
DA:159,0
DA:160,0
DA:161,0
DA:164,0
DA:165,0
DA:166,0
DA:167,0
DA:171,0
DA:178,0
DA:184,1
DA:185,0
DA:186,0
DA:189,1
LF:58
LH:14
BRDA:7,0,0,4
BRDA:11,1,0,4
BRDA:11,1,1,0
BRDA:18,2,0,0
BRDA:26,3,0,0
BRDA:33,4,0,0
BRDA:40,5,0,0
BRDA:47,6,0,0
BRDA:54,7,0,0
BRDA:61,8,0,0
BRDA:61,9,0,0
BRDA:72,10,0,0
BRDA:72,11,0,0
BRDA:72,12,0,0
BRDA:81,13,0,0
BRDA:84,14,0,0
BRDA:84,14,1,0
BRDA:89,15,0,0
BRDA:89,15,1,0
BRDA:91,16,0,0
BRDA:91,16,1,0
BRDA:98,17,0,0
BRDA:98,17,1,0
BRDA:99,18,0,0
BRDA:99,18,1,0
BRDA:108,19,0,0
BRDA:108,19,1,0
BRDA:137,20,0,0
BRDA:137,20,1,0
BRDA:142,21,0,0
BRDA:142,21,1,0
BRDA:151,22,0,0
BRDA:151,22,1,0
BRDA:152,23,0,0
BRDA:152,23,1,0
BRDA:159,24,0,0
BRDA:159,24,1,0
BRDA:164,25,0,0
BRDA:164,25,1,0
BRF:39
BRH:2
end_of_record
